WeatherApp/app/build/intermediates/manifest_merge_blame_file/debug/manifest-merger-blame-debug-report.txt
1<?xml version="1.0" encoding="utf-8"?>
2<manifest xmlns:android="http://schemas.android.com/apk/res/android"
3    package="com.hoc.weatherapp"
4    android:versionCode="1"
5    android:versionName="1.0" >
6
7    <uses-sdk
8        android:minSdkVersion="21"
8-->src\main\AndroidManifest.xml
9        android:targetSdkVersion="30" />
9-->src\main\AndroidManifest.xml
10
11    <uses-permission android:name="android.permission.INTERNET" />
11-->src\main\AndroidManifest.xml:6:5-67
11-->src\main\AndroidManifest.xml:6:22-64
12    <uses-permission android:name="android.permission.ACCESS_FINE_LOCATION" />
12-->src\main\AndroidManifest.xml:7:5-79
12-->src\main\AndroidManifest.xml:7:22-76
13    <uses-permission android:name="android.permission.ACCESS_COARSE_LOCATION" />
13-->src\main\AndroidManifest.xml:8:5-81
13-->src\main\AndroidManifest.xml:8:22-78
14    <uses-permission android:name="android.permission.WAKE_LOCK" />
14-->src\main\AndroidManifest.xml:9:5-68
14-->src\main\AndroidManifest.xml:9:22-65
15    <uses-permission android:name="android.permission.ACCESS_WIFI_STATE" />
15-->[com.google.android.libraries.places:places:2.3.0] AndroidManifest.xml:10:5-76
15-->[com.google.android.libraries.places:places:2.3.0] AndroidManifest.xml:10:22-73
16    <uses-permission android:name="android.permission.ACCESS_NETWORK_STATE" />
16-->[androidx.work:work-runtime:2.0.0] AndroidManifest.xml:24:5-79
16-->[androidx.work:work-runtime:2.0.0] AndroidManifest.xml:24:22-76
17    <uses-permission android:name="android.permission.RECEIVE_BOOT_COMPLETED" />
17-->[androidx.work:work-runtime:2.0.0] AndroidManifest.xml:25:5-81
17-->[androidx.work:work-runtime:2.0.0] AndroidManifest.xml:25:22-78
18
19    <uses-feature
19-->[com.google.android.gms:play-services-maps:17.0.0] AndroidManifest.xml:26:5-28:35
20        android:glEsVersion="0x00020000"
20-->[com.google.android.gms:play-services-maps:17.0.0] AndroidManifest.xml:27:9-41
21        android:required="true" />
21-->[com.google.android.gms:play-services-maps:17.0.0] AndroidManifest.xml:28:9-32
22
23    <application
23-->src\main\AndroidManifest.xml:11:5-121:19
24        android:allowBackup="true"
24-->src\main\AndroidManifest.xml:12:9-35
25        android:appComponentFactory="androidx.core.app.CoreComponentFactory"
25-->[androidx.core:core:1.4.0-alpha01] AndroidManifest.xml:24:18-86
26        android:debuggable="true"
27        android:fullBackupContent="true"
27-->src\main\AndroidManifest.xml:13:9-41
28        android:icon="@mipmap/ic_launcher"
28-->src\main\AndroidManifest.xml:14:9-43
29        android:label="@string/app_name"
29-->src\main\AndroidManifest.xml:15:9-41
30        android:roundIcon="@mipmap/ic_launcher_round"
30-->src\main\AndroidManifest.xml:16:9-54
31        android:supportsRtl="true"
31-->src\main\AndroidManifest.xml:17:9-35
32        android:testOnly="true"
33        android:theme="@style/AppTheme.DarkTheme_NoActionBar"
33-->src\main\AndroidManifest.xml:18:9-62
34        android:usesCleartextTraffic="true" >
34-->src\main\AndroidManifest.xml:19:9-44
35        <activity
35-->src\main\AndroidManifest.xml:22:9-31:20
36            android:name="com.hoc.weatherapp.ui.SplashActivity"
36-->src\main\AndroidManifest.xml:23:13-46
37            android:launchMode="singleTop"
37-->src\main\AndroidManifest.xml:24:13-43
38            android:theme="@style/AppTheme.SplashTheme" >
38-->src\main\AndroidManifest.xml:25:13-56
39            <intent-filter>
39-->src\main\AndroidManifest.xml:26:13-30:29
40                <action android:name="android.intent.action.MAIN" />
40-->src\main\AndroidManifest.xml:27:17-69
40-->src\main\AndroidManifest.xml:27:25-66
41
42                <category android:name="android.intent.category.LAUNCHER" />
42-->src\main\AndroidManifest.xml:29:17-77
42-->src\main\AndroidManifest.xml:29:27-74
43            </intent-filter>
44        </activity>
45        <activity
45-->src\main\AndroidManifest.xml:33:9-37:69
46            android:name="com.hoc.weatherapp.ui.main.MainActivity"
46-->src\main\AndroidManifest.xml:34:13-49
47            android:label="@string/app_name"
47-->src\main\AndroidManifest.xml:35:13-45
48            android:launchMode="singleTop"
48-->src\main\AndroidManifest.xml:36:13-43
49            android:theme="@style/AppTheme.DarkTheme_NoActionBar" />
49-->src\main\AndroidManifest.xml:37:13-66
50        <activity
50-->src\main\AndroidManifest.xml:39:9-41:69
51            android:name="com.hoc.weatherapp.ui.cities.CitiesActivity"
51-->src\main\AndroidManifest.xml:40:13-53
52            android:theme="@style/AppTheme.DarkTheme_NoActionBar" />
52-->src\main\AndroidManifest.xml:41:13-66
53        <activity
53-->src\main\AndroidManifest.xml:43:9-45:69
54            android:name="com.hoc.weatherapp.ui.LiveWeatherActivity"
54-->src\main\AndroidManifest.xml:44:13-51
55            android:theme="@style/AppTheme.DarkTheme_NoActionBar" />
55-->src\main\AndroidManifest.xml:45:13-66
56
57        <meta-data
57-->src\main\AndroidManifest.xml:47:9-49:57
58            android:name="preloaded_fonts"
58-->src\main\AndroidManifest.xml:48:13-43
59            android:resource="@array/preloaded_fonts" />
59-->src\main\AndroidManifest.xml:49:13-54
60        <!--
61             The API key for Google Maps-based APIs is defined as enqueuePeriodic string resource.
62             (See the file "res/values/google_maps_api.xml").
63             Note that the API key is linked to the encryption key used to sign the APK.
64             You need enqueuePeriodic different API key for each encryption key, including the release key that is used to
65             sign the APK for publishing.
66             You can define the keys for the debug and release targets in src/debug/ and src/release/. 
67        -->
68        <meta-data
68-->src\main\AndroidManifest.xml:58:9-60:55
69            android:name="com.google.android.geo.API_KEY"
69-->src\main\AndroidManifest.xml:59:13-58
70            android:value="@string/google_maps_key" />
70-->src\main\AndroidManifest.xml:60:13-52
71
72        <activity
72-->src\main\AndroidManifest.xml:62:9-64:57
73            android:name="com.hoc.weatherapp.ui.setting.SettingsActivity"
73-->src\main\AndroidManifest.xml:63:13-56
74            android:theme="@style/AppTheme.DarkTheme" />
74-->src\main\AndroidManifest.xml:64:13-54
75        <activity
75-->src\main\AndroidManifest.xml:66:9-68:69
76            android:name="com.hoc.weatherapp.ui.map.MapActivity"
76-->src\main\AndroidManifest.xml:67:13-47
77            android:theme="@style/AppTheme.DarkTheme_NoActionBar" />
77-->src\main\AndroidManifest.xml:68:13-66
78        <activity
78-->src\main\AndroidManifest.xml:70:9-72:69
79            android:name="com.hoc.weatherapp.ui.addcity.AddCityActivity"
79-->src\main\AndroidManifest.xml:71:13-55
80            android:theme="@style/AppTheme.DarkTheme_NoActionBar" />
80-->src\main\AndroidManifest.xml:72:13-66
81        <activity
81-->src\main\AndroidManifest.xml:74:9-76:69
82            android:name="com.hoc.weatherapp.ui.main.fivedayforecast.DailyDetailActivity"
82-->src\main\AndroidManifest.xml:75:13-72
83            android:theme="@style/AppTheme.DarkTheme_NoActionBar" />
83-->src\main\AndroidManifest.xml:76:13-66
84
85        <receiver
85-->src\main\AndroidManifest.xml:78:9-82:20
86            android:name="com.hoc.weatherapp.CancelNotificationReceiver"
86-->src\main\AndroidManifest.xml:79:13-55
87            android:exported="false" >
87-->src\main\AndroidManifest.xml:80:13-37
88        </receiver>
89
90        <provider
91            android:name="androidx.startup.InitializationProvider"
91-->src\main\AndroidManifest.xml:85:13-67
92            android:authorities="com.hoc.weatherapp.androidx-startup"
92-->src\main\AndroidManifest.xml:86:13-68
93            android:exported="false" >
93-->src\main\AndroidManifest.xml:87:13-37
94
95            <!-- This entry makes ExampleLoggerInitializer discoverable. -->
96            <meta-data
96-->src\main\AndroidManifest.xml:90:13-92:52
97                android:name="com.hoc.weatherapp.initializer.AndroidThreeTenInitializer"
97-->src\main\AndroidManifest.xml:91:17-89
98                android:value="androidx.startup" />
98-->src\main\AndroidManifest.xml:92:17-49
99            <meta-data
99-->src\main\AndroidManifest.xml:94:13-96:52
100                android:name="com.hoc.weatherapp.initializer.KoinInitializer"
100-->src\main\AndroidManifest.xml:95:17-78
101                android:value="androidx.startup" />
101-->src\main\AndroidManifest.xml:96:17-49
102            <meta-data
102-->src\main\AndroidManifest.xml:98:13-100:52
103                android:name="com.hoc.weatherapp.initializer.NotificationInitializer"
103-->src\main\AndroidManifest.xml:99:17-86
104                android:value="androidx.startup" />
104-->src\main\AndroidManifest.xml:100:17-49
105            <meta-data
105-->src\main\AndroidManifest.xml:102:13-104:52
106                android:name="com.hoc.weatherapp.initializer.PlacesApiInitializer"
106-->src\main\AndroidManifest.xml:103:17-83
107                android:value="androidx.startup" />
107-->src\main\AndroidManifest.xml:104:17-49
108            <meta-data
108-->src\main\AndroidManifest.xml:106:13-108:52
109                android:name="com.hoc.weatherapp.initializer.RxJavaPluginsInitializer"
109-->src\main\AndroidManifest.xml:107:17-87
110                android:value="androidx.startup" />
110-->src\main\AndroidManifest.xml:108:17-49
111            <meta-data
111-->src\main\AndroidManifest.xml:110:13-112:52
112                android:name="com.hoc.weatherapp.initializer.WorkManagerInitializer"
112-->src\main\AndroidManifest.xml:111:17-85
113                android:value="androidx.startup" />
113-->src\main\AndroidManifest.xml:112:17-49
114        </provider>
115
116        <activity
116-->[com.google.android.libraries.places:places:2.3.0] AndroidManifest.xml:14:9-20:20
117            android:name="com.google.android.libraries.places.widget.AutocompleteActivity"
117-->[com.google.android.libraries.places:places:2.3.0] AndroidManifest.xml:15:13-91
118            android:exported="false"
118-->[com.google.android.libraries.places:places:2.3.0] AndroidManifest.xml:16:13-37
119            android:label="@string/places_autocomplete_label"
119-->[com.google.android.libraries.places:places:2.3.0] AndroidManifest.xml:17:13-62
120            android:theme="@style/PlacesAutocompleteOverlay"
120-->[com.google.android.libraries.places:places:2.3.0] AndroidManifest.xml:18:13-61
121            android:windowSoftInputMode="adjustResize" >
121-->[com.google.android.libraries.places:places:2.3.0] AndroidManifest.xml:19:13-55
122        </activity>
123
124        <service
124-->[androidx.work:work-runtime:2.0.0] AndroidManifest.xml:36:9-41:35
125            android:name="androidx.work.impl.background.systemalarm.SystemAlarmService"
125-->[androidx.work:work-runtime:2.0.0] AndroidManifest.xml:37:13-88
126            android:directBootAware="false"
126-->[androidx.work:work-runtime:2.0.0] AndroidManifest.xml:38:13-44
127            android:enabled="@bool/enable_system_alarm_service_default"
127-->[androidx.work:work-runtime:2.0.0] AndroidManifest.xml:39:13-72
128            android:exported="false" />
128-->[androidx.work:work-runtime:2.0.0] AndroidManifest.xml:40:13-37
129        <service
129-->[androidx.work:work-runtime:2.0.0] AndroidManifest.xml:42:9-48:35
130            android:name="androidx.work.impl.background.systemjob.SystemJobService"
130-->[androidx.work:work-runtime:2.0.0] AndroidManifest.xml:43:13-84
131            android:directBootAware="false"
131-->[androidx.work:work-runtime:2.0.0] AndroidManifest.xml:44:13-44
132            android:enabled="@bool/enable_system_job_service_default"
132-->[androidx.work:work-runtime:2.0.0] AndroidManifest.xml:45:13-70
133            android:exported="true"
133-->[androidx.work:work-runtime:2.0.0] AndroidManifest.xml:46:13-36
134            android:permission="android.permission.BIND_JOB_SERVICE" />
134-->[androidx.work:work-runtime:2.0.0] AndroidManifest.xml:47:13-69
135
136        <receiver
136-->[androidx.work:work-runtime:2.0.0] AndroidManifest.xml:50:9-55:35
137            android:name="androidx.work.impl.utils.ForceStopRunnable$BroadcastReceiver"
137-->[androidx.work:work-runtime:2.0.0] AndroidManifest.xml:51:13-88
138            android:directBootAware="false"
138-->[androidx.work:work-runtime:2.0.0] AndroidManifest.xml:52:13-44
139            android:enabled="true"
139-->[androidx.work:work-runtime:2.0.0] AndroidManifest.xml:53:13-35
140            android:exported="false" />
140-->[androidx.work:work-runtime:2.0.0] AndroidManifest.xml:54:13-37
141        <receiver
141-->[androidx.work:work-runtime:2.0.0] AndroidManifest.xml:56:9-66:20
142            android:name="androidx.work.impl.background.systemalarm.ConstraintProxy$BatteryChargingProxy"
142-->[androidx.work:work-runtime:2.0.0] AndroidManifest.xml:57:13-106
143            android:directBootAware="false"
143-->[androidx.work:work-runtime:2.0.0] AndroidManifest.xml:58:13-44
144            android:enabled="false"
144-->[androidx.work:work-runtime:2.0.0] AndroidManifest.xml:59:13-36
145            android:exported="false" >
145-->[androidx.work:work-runtime:2.0.0] AndroidManifest.xml:60:13-37
146            <intent-filter>
146-->[androidx.work:work-runtime:2.0.0] AndroidManifest.xml:62:13-65:29
147                <action android:name="android.intent.action.ACTION_POWER_CONNECTED" />
147-->[androidx.work:work-runtime:2.0.0] AndroidManifest.xml:63:17-87
147-->[androidx.work:work-runtime:2.0.0] AndroidManifest.xml:63:25-84
148                <action android:name="android.intent.action.ACTION_POWER_DISCONNECTED" />
148-->[androidx.work:work-runtime:2.0.0] AndroidManifest.xml:64:17-90
148-->[androidx.work:work-runtime:2.0.0] AndroidManifest.xml:64:25-87
149            </intent-filter>
150        </receiver>
151        <receiver
151-->[androidx.work:work-runtime:2.0.0] AndroidManifest.xml:67:9-77:20
152            android:name="androidx.work.impl.background.systemalarm.ConstraintProxy$BatteryNotLowProxy"
152-->[androidx.work:work-runtime:2.0.0] AndroidManifest.xml:68:13-104
153            android:directBootAware="false"
153-->[androidx.work:work-runtime:2.0.0] AndroidManifest.xml:69:13-44
154            android:enabled="false"
154-->[androidx.work:work-runtime:2.0.0] AndroidManifest.xml:70:13-36
155            android:exported="false" >
155-->[androidx.work:work-runtime:2.0.0] AndroidManifest.xml:71:13-37
156            <intent-filter>
156-->[androidx.work:work-runtime:2.0.0] AndroidManifest.xml:73:13-76:29
157                <action android:name="android.intent.action.BATTERY_OKAY" />
157-->[androidx.work:work-runtime:2.0.0] AndroidManifest.xml:74:17-77
157-->[androidx.work:work-runtime:2.0.0] AndroidManifest.xml:74:25-74
158                <action android:name="android.intent.action.BATTERY_LOW" />
158-->[androidx.work:work-runtime:2.0.0] AndroidManifest.xml:75:17-76
158-->[androidx.work:work-runtime:2.0.0] AndroidManifest.xml:75:25-73
159            </intent-filter>
160        </receiver>
161        <receiver
161-->[androidx.work:work-runtime:2.0.0] AndroidManifest.xml:78:9-88:20
162            android:name="androidx.work.impl.background.systemalarm.ConstraintProxy$StorageNotLowProxy"
162-->[androidx.work:work-runtime:2.0.0] AndroidManifest.xml:79:13-104
163            android:directBootAware="false"
163-->[androidx.work:work-runtime:2.0.0] AndroidManifest.xml:80:13-44
164            android:enabled="false"
164-->[androidx.work:work-runtime:2.0.0] AndroidManifest.xml:81:13-36
165            android:exported="false" >
165-->[androidx.work:work-runtime:2.0.0] AndroidManifest.xml:82:13-37
166            <intent-filter>
166-->[androidx.work:work-runtime:2.0.0] AndroidManifest.xml:84:13-87:29
167                <action android:name="android.intent.action.DEVICE_STORAGE_LOW" />
167-->[androidx.work:work-runtime:2.0.0] AndroidManifest.xml:85:17-83
167-->[androidx.work:work-runtime:2.0.0] AndroidManifest.xml:85:25-80
168                <action android:name="android.intent.action.DEVICE_STORAGE_OK" />
168-->[androidx.work:work-runtime:2.0.0] AndroidManifest.xml:86:17-82
168-->[androidx.work:work-runtime:2.0.0] AndroidManifest.xml:86:25-79
169            </intent-filter>
170        </receiver>
171        <receiver
171-->[androidx.work:work-runtime:2.0.0] AndroidManifest.xml:89:9-98:20
172            android:name="androidx.work.impl.background.systemalarm.ConstraintProxy$NetworkStateProxy"
172-->[androidx.work:work-runtime:2.0.0] AndroidManifest.xml:90:13-103
173            android:directBootAware="false"
173-->[androidx.work:work-runtime:2.0.0] AndroidManifest.xml:91:13-44
174            android:enabled="false"
174-->[androidx.work:work-runtime:2.0.0] AndroidManifest.xml:92:13-36
175            android:exported="false" >
175-->[androidx.work:work-runtime:2.0.0] AndroidManifest.xml:93:13-37
176            <intent-filter>
176-->[androidx.work:work-runtime:2.0.0] AndroidManifest.xml:95:13-97:29
177                <action android:name="android.net.conn.CONNECTIVITY_CHANGE" />
177-->[androidx.work:work-runtime:2.0.0] AndroidManifest.xml:96:17-79
177-->[androidx.work:work-runtime:2.0.0] AndroidManifest.xml:96:25-76
178            </intent-filter>
179        </receiver>
180        <receiver
180-->[androidx.work:work-runtime:2.0.0] AndroidManifest.xml:99:9-110:20
181            android:name="androidx.work.impl.background.systemalarm.RescheduleReceiver"
181-->[androidx.work:work-runtime:2.0.0] AndroidManifest.xml:100:13-88
182            android:directBootAware="false"
182-->[androidx.work:work-runtime:2.0.0] AndroidManifest.xml:101:13-44
183            android:enabled="false"
183-->[androidx.work:work-runtime:2.0.0] AndroidManifest.xml:102:13-36
184            android:exported="false" >
184-->[androidx.work:work-runtime:2.0.0] AndroidManifest.xml:103:13-37
185            <intent-filter>
185-->[androidx.work:work-runtime:2.0.0] AndroidManifest.xml:105:13-109:29
186                <action android:name="android.intent.action.BOOT_COMPLETED" />
186-->[androidx.work:work-runtime:2.0.0] AndroidManifest.xml:106:17-79
186-->[androidx.work:work-runtime:2.0.0] AndroidManifest.xml:106:25-76
187                <action android:name="android.intent.action.TIME_SET" />
187-->[androidx.work:work-runtime:2.0.0] AndroidManifest.xml:107:17-73
187-->[androidx.work:work-runtime:2.0.0] AndroidManifest.xml:107:25-70
188                <action android:name="android.intent.action.TIMEZONE_CHANGED" />
188-->[androidx.work:work-runtime:2.0.0] AndroidManifest.xml:108:17-81
188-->[androidx.work:work-runtime:2.0.0] AndroidManifest.xml:108:25-78
189            </intent-filter>
190        </receiver>
191        <receiver
191-->[androidx.work:work-runtime:2.0.0] AndroidManifest.xml:111:9-120:20
192            android:name="androidx.work.impl.background.systemalarm.ConstraintProxyUpdateReceiver"
192-->[androidx.work:work-runtime:2.0.0] AndroidManifest.xml:112:13-99
193            android:directBootAware="false"
193-->[androidx.work:work-runtime:2.0.0] AndroidManifest.xml:113:13-44
194            android:enabled="@bool/enable_system_alarm_service_default"
194-->[androidx.work:work-runtime:2.0.0] AndroidManifest.xml:114:13-72
195            android:exported="false" >
195-->[androidx.work:work-runtime:2.0.0] AndroidManifest.xml:115:13-37
196            <intent-filter>
196-->[androidx.work:work-runtime:2.0.0] AndroidManifest.xml:117:13-119:29
197                <action android:name="androidx.work.impl.background.systemalarm.UpdateProxies" />
197-->[androidx.work:work-runtime:2.0.0] AndroidManifest.xml:118:17-98
197-->[androidx.work:work-runtime:2.0.0] AndroidManifest.xml:118:25-95
198            </intent-filter>
199        </receiver>
200
201        <service
201-->[androidx.room:room-runtime:2.3.0-alpha02] AndroidManifest.xml:25:9-28:40
202            android:name="androidx.room.MultiInstanceInvalidationService"
202-->[androidx.room:room-runtime:2.3.0-alpha02] AndroidManifest.xml:26:13-74
203            android:directBootAware="true"
203-->[androidx.room:room-runtime:2.3.0-alpha02] AndroidManifest.xml:27:13-43
204            android:exported="false" /> <!-- Needs to be explicitly declared on P+ -->
204-->[androidx.room:room-runtime:2.3.0-alpha02] AndroidManifest.xml:28:13-37
205        <uses-library
205-->[com.google.android.gms:play-services-maps:17.0.0] AndroidManifest.xml:33:9-35:40
206            android:name="org.apache.http.legacy"
206-->[com.google.android.gms:play-services-maps:17.0.0] AndroidManifest.xml:34:13-50
207            android:required="false" />
207-->[com.google.android.gms:play-services-maps:17.0.0] AndroidManifest.xml:35:13-37
208
209        <activity
209-->[com.google.android.gms:play-services-base:17.0.0] AndroidManifest.xml:23:9-26:75
210            android:name="com.google.android.gms.common.api.GoogleApiActivity"
210-->[com.google.android.gms:play-services-base:17.0.0] AndroidManifest.xml:24:13-79
211            android:exported="false"
211-->[com.google.android.gms:play-services-base:17.0.0] AndroidManifest.xml:25:13-37
212            android:theme="@android:style/Theme.Translucent.NoTitleBar" />
212-->[com.google.android.gms:play-services-base:17.0.0] AndroidManifest.xml:26:13-72
213
214        <meta-data
214-->[com.google.android.gms:play-services-basement:17.0.0] AndroidManifest.xml:23:9-25:69
215            android:name="com.google.android.gms.version"
215-->[com.google.android.gms:play-services-basement:17.0.0] AndroidManifest.xml:24:13-58
216            android:value="@integer/google_play_services_version" />
216-->[com.google.android.gms:play-services-basement:17.0.0] AndroidManifest.xml:25:13-66
217
218        <provider
218-->[androidx.lifecycle:lifecycle-process:2.1.0] AndroidManifest.xml:23:9-27:43
219            android:name="androidx.lifecycle.ProcessLifecycleOwnerInitializer"
219-->[androidx.lifecycle:lifecycle-process:2.1.0] AndroidManifest.xml:24:13-79
220            android:authorities="com.hoc.weatherapp.lifecycle-process"
220-->[androidx.lifecycle:lifecycle-process:2.1.0] AndroidManifest.xml:25:13-69
221            android:exported="false"
221-->[androidx.lifecycle:lifecycle-process:2.1.0] AndroidManifest.xml:26:13-37
222            android:multiprocess="true" />
222-->[androidx.lifecycle:lifecycle-process:2.1.0] AndroidManifest.xml:27:13-40
223
224        <service
224-->[com.google.android.datatransport:transport-backend-cct:2.1.0] AndroidManifest.xml:29:9-35:19
225            android:name="com.google.android.datatransport.runtime.backends.TransportBackendDiscovery"
225-->[com.google.android.datatransport:transport-backend-cct:2.1.0] AndroidManifest.xml:30:13-103
226            android:exported="false" >
226-->[com.google.android.datatransport:transport-backend-cct:2.1.0] AndroidManifest.xml:31:13-37
227            <meta-data
227-->[com.google.android.datatransport:transport-backend-cct:2.1.0] AndroidManifest.xml:32:13-34:39
228                android:name="backend:com.google.android.datatransport.cct.CctBackendFactory"
228-->[com.google.android.datatransport:transport-backend-cct:2.1.0] AndroidManifest.xml:33:17-94
229                android:value="cct" />
229-->[com.google.android.datatransport:transport-backend-cct:2.1.0] AndroidManifest.xml:34:17-36
230        </service>
231        <service
231-->[com.google.android.datatransport:transport-runtime:2.1.0] AndroidManifest.xml:26:9-30:19
232            android:name="com.google.android.datatransport.runtime.scheduling.jobscheduling.JobInfoSchedulerService"
232-->[com.google.android.datatransport:transport-runtime:2.1.0] AndroidManifest.xml:27:13-117
233            android:exported="false"
233-->[com.google.android.datatransport:transport-runtime:2.1.0] AndroidManifest.xml:28:13-37
234            android:permission="android.permission.BIND_JOB_SERVICE" >
234-->[com.google.android.datatransport:transport-runtime:2.1.0] AndroidManifest.xml:29:13-69
235        </service>
236
237        <receiver
237-->[com.google.android.datatransport:transport-runtime:2.1.0] AndroidManifest.xml:32:9-34:40
238            android:name="com.google.android.datatransport.runtime.scheduling.jobscheduling.AlarmManagerSchedulerBroadcastReceiver"
238-->[com.google.android.datatransport:transport-runtime:2.1.0] AndroidManifest.xml:33:13-132
239            android:exported="false" />
239-->[com.google.android.datatransport:transport-runtime:2.1.0] AndroidManifest.xml:34:13-37
240    </application>
241
242</manifest>